<?xml version="1.0" encoding="UTF-8"?>
<testsuite name="Test1"
           tests="2"
           failures="1"
           errors="0"
           skipped="0"
           time="6.070">
    <properties></properties>

            <testcase
                name="testHomePage"
                time="5.869"
                classname="HomePageTest">

            <failure type="java.lang.AssertionError" message="Soft Toys Not found on the list expected [true] but found [false]">
                <![CDATA[java.lang.AssertionError: Soft Toys Not found on the list expected [true] but found [false]
                org.testng.Assert.fail(Assert.java:110)org.testng.Assert.failNotEquals(Assert.java:1413)org.testng.Assert.assertTrue(Assert.java:56)HomePageTest.testHomePage(HomePageTest.java:50)sun.reflect.NativeMethodAccessorImpl.invoke0(Native Method)sun.reflect.NativeMethodAccessorImpl.invoke(NativeMethodAccessorImpl.java:62)sun.reflect.DelegatingMethodAccessorImpl.invoke(DelegatingMethodAccessorImpl.java:43)java.lang.reflect.Method.invoke(Method.java:498)org.testng.internal.invokers.MethodInvocationHelper.invokeMethod(MethodInvocationHelper.java:135)org.testng.internal.invokers.TestInvoker.invokeMethod(TestInvoker.java:673)org.testng.internal.invokers.TestInvoker.invokeTestMethod(TestInvoker.java:220)org.testng.internal.invokers.MethodRunner.runInSequence(MethodRunner.java:50)org.testng.internal.invokers.TestInvoker$MethodInvocationAgent.invoke(TestInvoker.java:945)org.testng.internal.invokers.TestInvoker.invokeTestMethods(TestInvoker.java:193)org.testng.internal.invokers.TestMethodWorker.invokeTestMethods(TestMethodWorker.java:146)org.testng.internal.invokers.TestMethodWorker.run(TestMethodWorker.java:128)java.util.ArrayList.forEach(ArrayList.java:1259)org.testng.TestRunner.privateRun(TestRunner.java:808)org.testng.TestRunner.run(TestRunner.java:603)org.testng.SuiteRunner.runTest(SuiteRunner.java:429)org.testng.SuiteRunner.access$000(SuiteRunner.java:32)org.testng.SuiteRunner$SuiteWorker.run(SuiteRunner.java:467)org.testng.internal.thread.ThreadUtil.lambda$execute$0(ThreadUtil.java:58)java.util.concurrent.FutureTask.run(FutureTask.java:266)java.util.concurrent.ThreadPoolExecutor.runWorker(ThreadPoolExecutor.java:1149)java.util.concurrent.ThreadPoolExecutor$Worker.run(ThreadPoolExecutor.java:624)java.lang.Thread.run(Thread.java:750)
]]>
            </failure>
    </testcase>


            <testcase
                name="testJome2"
                time="0.201"
                classname="HomePageTest">
            </testcase>
</testsuite>
